
/usr/bin/ls:     file format elf64-x86-64

DYNAMIC SYMBOL TABLE:
0000000000000000      DF *UND*	0000000000000000 (GLIBC_2.3)  __ctype_toupper_loc
0000000000000000      DF *UND*	0000000000000000 (GLIBC_2.2.5) getenv
0000000000000000      DO *UND*	0000000000000000 (GLIBC_2.2.5) __progname
0000000000000000      DF *UND*	0000000000000000 (GLIBC_2.2.5) sigprocmask
0000000000000000      DF *UND*	0000000000000000 (GLIBC_2.3.4) __snprintf_chk
0000000000000000      DF *UND*	0000000000000000 (GLIBC_2.2.5) raise
0000000000000000      DF *UND*	0000000000000000 (GLIBC_2.34) __libc_start_main
0000000000000000      DF *UND*	0000000000000000 (GLIBC_2.3.4) __mempcpy_chk
0000000000000000      DF *UND*	0000000000000000 (GLIBC_2.2.5) abort
0000000000000000      DF *UND*	0000000000000000 (GLIBC_2.2.5) __errno_location
0000000000000000      DF *UND*	0000000000000000 (GLIBC_2.2.5) strncmp
0000000000000000  w   D  *UND*	0000000000000000  Base        _ITM_deregisterTMCloneTable
0000000000000000      DO *UND*	0000000000000000 (GLIBC_2.2.5) stdout
0000000000000000      DF *UND*	0000000000000000 (GLIBC_2.2.5) localtime_r
0000000000000000      DF *UND*	0000000000000000 (GLIBC_2.2.5) _exit
0000000000000000      DF *UND*	0000000000000000 (GLIBC_2.4)  __mbstowcs_chk
0000000000000000      DF *UND*	0000000000000000 (GLIBC_2.2.5) __fpending
0000000000000000      DF *UND*	0000000000000000 (GLIBC_2.2.5) isatty
0000000000000000      DF *UND*	0000000000000000 (GLIBC_2.2.5) sigaction
0000000000000000      DF *UND*	0000000000000000 (GLIBC_2.2.5) iswcntrl
0000000000000000      DF *UND*	0000000000000000 (GLIBC_2.26) reallocarray
0000000000000000      DF *UND*	0000000000000000 (GLIBC_2.2.5) wcswidth
0000000000000000      DF *UND*	0000000000000000 (GLIBC_2.2.5) localeconv
0000000000000000      DF *UND*	0000000000000000 (GLIBC_2.2.5) mbstowcs
0000000000000000      DF *UND*	0000000000000000 (GLIBC_2.2.5) readlink
0000000000000000      DF *UND*	0000000000000000 (GLIBC_2.17) clock_gettime
0000000000000000      DF *UND*	0000000000000000 (GLIBC_2.2.5) setenv
0000000000000000      DF *UND*	0000000000000000 (GLIBC_2.2.5) textdomain
0000000000000000      DF *UND*	0000000000000000 (GLIBC_2.2.5) fclose
0000000000000000      DO *UND*	0000000000000000 (GLIBC_2.2.5) optind
0000000000000000      DF *UND*	0000000000000000 (GLIBC_2.2.5) opendir
0000000000000000      DF *UND*	0000000000000000 (GLIBC_2.2.5) getpwuid
0000000000000000      DF *UND*	0000000000000000 (GLIBC_2.2.5) bindtextdomain
0000000000000000      DF *UND*	0000000000000000 (GLIBC_2.3)  listxattr
0000000000000000      DF *UND*	0000000000000000 (GLIBC_2.2.5) dcgettext
0000000000000000      DF *UND*	0000000000000000 (GLIBC_2.2.5) __ctype_get_mb_cur_max
0000000000000000      DF *UND*	0000000000000000 (GLIBC_2.2.5) strlen
0000000000000000      DF *UND*	0000000000000000 (GLIBC_2.4)  __stack_chk_fail
0000000000000000      DF *UND*	0000000000000000 (GLIBC_2.2.5) getopt_long
0000000000000000      DF *UND*	0000000000000000 (GLIBC_2.2.5) mbrtowc
0000000000000000      DF *UND*	0000000000000000 (LIBSELINUX_1.0) freecon
0000000000000000      DF *UND*	0000000000000000 (GLIBC_2.2.5) strchr
0000000000000000      DF *UND*	0000000000000000 (GLIBC_2.2.5) getgrgid
0000000000000000      DF *UND*	0000000000000000 (GLIBC_2.2.5) snprintf
0000000000000000      DF *UND*	0000000000000000 (GLIBC_2.2.5) __overflow
0000000000000000      DF *UND*	0000000000000000 (GLIBC_2.2.5) strrchr
0000000000000000      DF *UND*	0000000000000000 (GLIBC_2.2.5) gmtime_r
0000000000000000      DF *UND*	0000000000000000 (GLIBC_2.2.5) lseek
0000000000000000      DF *UND*	0000000000000000 (GLIBC_2.2.5) __assert_fail
0000000000000000      DF *UND*	0000000000000000 (GLIBC_2.2.5) fnmatch
0000000000000000      DF *UND*	0000000000000000 (GLIBC_2.2.5) memset
0000000000000000      DF *UND*	0000000000000000 (GLIBC_2.2.5) ioctl
0000000000000000      DF *UND*	0000000000000000 (GLIBC_2.2.5) getcwd
0000000000000000      DF *UND*	0000000000000000 (GLIBC_2.16) mbrtoc32
0000000000000000      DF *UND*	0000000000000000 (GLIBC_2.2.5) closedir
0000000000000000      DF *UND*	0000000000000000 (GLIBC_2.2.5) memcmp
0000000000000000      DF *UND*	0000000000000000 (GLIBC_2.2.5) _setjmp
0000000000000000      DF *UND*	0000000000000000 (GLIBC_2.2.5) fputs_unlocked
0000000000000000      DF *UND*	0000000000000000 (GLIBC_2.2.5) rawmemchr
0000000000000000      DF *UND*	0000000000000000 (GLIBC_2.2.5) calloc
0000000000000000      DF *UND*	0000000000000000 (GLIBC_2.4)  __readlink_chk
0000000000000000      DF *UND*	0000000000000000 (GLIBC_2.2.5) signal
0000000000000000      DF *UND*	0000000000000000 (GLIBC_2.2.5) dirfd
0000000000000000      DF *UND*	0000000000000000 (GLIBC_2.2.5) fputc_unlocked
0000000000000000      DO *UND*	0000000000000000 (GLIBC_2.2.5) optarg
0000000000000000      DF *UND*	0000000000000000 (GLIBC_2.3.4) __memcpy_chk
0000000000000000      DF *UND*	0000000000000000 (GLIBC_2.2.5) sigemptyset
0000000000000000  w   D  *UND*	0000000000000000  Base        __gmon_start__
0000000000000000      DF *UND*	0000000000000000 (GLIBC_2.33) stat
0000000000000000      DF *UND*	0000000000000000 (GLIBC_2.14) memcpy
0000000000000000      DF *UND*	0000000000000000 (GLIBC_2.38) __isoc23_strtoumax
0000000000000000      DO *UND*	0000000000000000 (GLIBC_2.2.5) program_invocation_name
0000000000000000      DF *UND*	0000000000000000 (GLIBC_2.2.5) tzset
0000000000000000      DF *UND*	0000000000000000 (GLIBC_2.2.5) fileno
0000000000000000      DF *UND*	0000000000000000 (GLIBC_2.2.5) tcgetpgrp
0000000000000000      DF *UND*	0000000000000000 (GLIBC_2.2.5) readdir
0000000000000000      DF *UND*	0000000000000000 (GLIBC_2.2.5) wcwidth
0000000000000000      DF *UND*	0000000000000000 (GLIBC_2.2.5) fflush
0000000000000000      DF *UND*	0000000000000000 (GLIBC_2.2.5) nl_langinfo
0000000000000000      DF *UND*	0000000000000000 (GLIBC_2.2.5) strcoll
0000000000000000      DF *UND*	0000000000000000 (GLIBC_2.2.5) mktime
0000000000000000      DF *UND*	0000000000000000 (GLIBC_2.2.5) __freading
0000000000000000      DF *UND*	0000000000000000 (GLIBC_2.2.5) fwrite_unlocked
0000000000000000      DF *UND*	0000000000000000 (GLIBC_2.2.5) realloc
0000000000000000      DF *UND*	0000000000000000 (GLIBC_2.3.4) __strcpy_chk
0000000000000000      DF *UND*	0000000000000000 (GLIBC_2.2.5) setlocale
0000000000000000      DF *UND*	0000000000000000 (GLIBC_2.3.4) __printf_chk
0000000000000000      DF *UND*	0000000000000000 (GLIBC_2.28) statx
0000000000000000      DF *UND*	0000000000000000 (GLIBC_2.2.5) timegm
0000000000000000      DF *UND*	0000000000000000 (GLIBC_2.2.5) strftime
0000000000000000      DF *UND*	0000000000000000 (GLIBC_2.2.5) mempcpy
0000000000000000      DF *UND*	0000000000000000 (GLIBC_2.2.5) memmove
0000000000000000      DF *UND*	0000000000000000 (GLIBC_2.2.5) error
0000000000000000      DO *UND*	0000000000000000 (GLIBC_2.2.5) __progname_full
0000000000000000      DF *UND*	0000000000000000 (GLIBC_2.2.5) fseeko
0000000000000000      DF *UND*	0000000000000000 (GLIBC_2.2.5) unsetenv
0000000000000000      DF *UND*	0000000000000000 (GLIBC_2.2.5) __cxa_atexit
0000000000000000      DF *UND*	0000000000000000 (GLIBC_2.2.5) wcstombs
0000000000000000      DF *UND*	0000000000000000 (GLIBC_2.3)  getxattr
0000000000000000      DF *UND*	0000000000000000 (GLIBC_2.2.5) gethostname
0000000000000000      DF *UND*	0000000000000000 (GLIBC_2.2.5) sigismember
0000000000000000      DF *UND*	0000000000000000 (GLIBC_2.2.5) exit
0000000000000000      DF *UND*	0000000000000000 (GLIBC_2.2.5) fwrite
0000000000000000      DF *UND*	0000000000000000 (GLIBC_2.3.4) __fprintf_chk
0000000000000000  w   D  *UND*	0000000000000000  Base        _ITM_registerTMCloneTable
0000000000000000      DF *UND*	0000000000000000 (LIBSELINUX_1.0) getfilecon
0000000000000000      DF *UND*	0000000000000000 (GLIBC_2.2.5) fflush_unlocked
0000000000000000      DF *UND*	0000000000000000 (GLIBC_2.2.5) mbsinit
0000000000000000      DF *UND*	0000000000000000 (LIBSELINUX_1.0) lgetfilecon
0000000000000000      DO *UND*	0000000000000000 (GLIBC_2.2.5) program_invocation_short_name
0000000000000000      DF *UND*	0000000000000000 (GLIBC_2.2.5) iswprint
0000000000000000      DF *UND*	0000000000000000 (GLIBC_2.2.5) sigaddset
0000000000000000      DF *UND*	0000000000000000 (GLIBC_2.3)  __ctype_tolower_loc
0000000000000000      DF *UND*	0000000000000000 (GLIBC_2.3)  __ctype_b_loc
0000000000000000      DO *UND*	0000000000000000 (GLIBC_2.2.5) stderr
0000000000000000      DF *UND*	0000000000000000 (GLIBC_2.3.4) __sprintf_chk
00000000000230a0 g    DO .data	0000000000000008  Base        obstack_alloc_failed_handler
000000000000dca0 g    DF .text	0000000000000140  Base        _obstack_newchunk
000000000000dc80 g    DF .text	0000000000000019  Base        _obstack_begin_1
000000000000de30 g    DF .text	0000000000000037  Base        _obstack_allocated_p
0000000000000000  w   DF *UND*	0000000000000000 (GLIBC_2.2.5) __cxa_finalize
0000000000000000      DF *UND*	0000000000000000 (GLIBC_2.2.5) free
000000000000dc60 g    DF .text	0000000000000015  Base        _obstack_begin
0000000000000000      DF *UND*	0000000000000000 (GLIBC_2.2.5) malloc
000000000000df10 g    DF .text	0000000000000026  Base        _obstack_memory_used
0000000000000000      DF *UND*	0000000000000000 (GLIBC_2.2.5) strcmp
000000000000de70 g    DF .text	000000000000009e  Base        _obstack_free


